18.06.2024 - 17:39:57 - [TAB v4.1.4] Blocked attempt to add player .MeKraton into team blue (expected team: 6.MeKratonA)
18.06.2024 - 22:24:34 - [TAB v4.1.4] Blocked attempt to add player Bluezly into team blue (expected team: 0BluezlyA)
18.06.2024 - 22:27:41 - [TAB v4.1.4] Blocked attempt to add player .MeKraton into team blue (expected team: 6.MeKratonA)
18.06.2024 - 22:34:54 - [TAB v4.1.4] Blocked attempt to add player Bluezly into team blue (expected team: 0BluezlyA)
18.06.2024 - 22:37:14 - [TAB v4.1.4] Blocked attempt to add player .MeKraton into team blue (expected team: 6.MeKratonA)
18.06.2024 - 22:53:43 - [TAB v4.1.4] Blocked attempt to add player Bluezly into team blue (expected team: 0BluezlyA)
18.06.2024 - 23:37:35 - [TAB v4.1.4] Blocked attempt to add player Bluezly into team blue (expected team: 6BluezlyA)
19.06.2024 - 00:05:02 - [TAB v4.1.4] Blocked attempt to add player inocent into team blue (expected team: 7inocentA)
19.06.2024 - 07:53:06 - [TAB v4.1.4] Blocked attempt to add player Bluezly into team blue (expected team: 6BluezlyA)
19.06.2024 - 08:03:14 - [TAB v4.1.4] Blocked attempt to add player Bluezly into team blue (expected team: 0BluezlyA)
19.06.2024 - 08:29:45 - [TAB v4.1.4] Blocked attempt to add player Insa151515 into team blue (expected team: 6Insa151515A)
19.06.2024 - 08:57:13 - [TAB v4.1.4] Blocked attempt to add player Bluezly into team blue (expected team: 0BluezlyA)
19.06.2024 - 09:47:14 - [TAB v4.1.4] Blocked attempt to add player Bluezly into team blue (expected team: 0BluezlyA)
19.06.2024 - 11:09:32 - [TAB v4.1.4] Blocked attempt to add player Bluezly into team blue (expected team: 0BluezlyA)
19.06.2024 - 17:29:17 - [TAB v4.1.4] Blocked attempt to add player Bluezly into team blue (expected team: 0BluezlyA)
21.06.2024 - 07:57:06 - [TAB v4.1.4] Blocked attempt to add player Bluezly into team blue (expected team: 0BluezlyA)
21.06.2024 - 08:08:59 - [TAB v4.1.4] Blocked attempt to add player inocent into team blue (expected team: 7inocentA)
21.06.2024 - 08:15:05 - [TAB v4.1.4] Blocked attempt to add player Bluezly into team blue (expected team: 6BluezlyA)
21.06.2024 - 08:30:51 - [TAB v4.1.4] Blocked attempt to add player Bluezly into team blue (expected team: 0BluezlyA)
21.06.2024 - 08:31:41 - [TAB v4.1.4] Blocked attempt to add player ELHAREF into team blue (expected team: 6ELHAREFA)
21.06.2024 - 08:32:04 - [TAB v4.1.4] Blocked attempt to add player Bluezly into team blue (expected team: 0BluezlyA)
21.06.2024 - 10:45:03 - [TAB v4.1.4] Blocked attempt to add player ELHAREF into team blue (expected team: 4ELHAREFA)
21.06.2024 - 12:45:43 - [TAB v4.1.4] Blocked attempt to add player Bluezly into team blue (expected team: 0BluezlyA)
21.06.2024 - 13:25:35 - [TAB v4.1.4] Blocked attempt to add player Bluezlyadad into team blue (expected team: 6BluezlyadadA)
21.06.2024 - 13:54:09 - [TAB v4.1.4] Blocked attempt to add player badi into team blue (expected team: 6badiA)
21.06.2024 - 13:56:29 - [TAB v4.1.4] Blocked attempt to add player Bluezly into team blue (expected team: 0BluezlyA)
21.06.2024 - 13:57:43 - [TAB v4.1.4] Blocked attempt to add player .MeKraton into team blue (expected team: 6.MeKratonA)
