08:04 Bluezly   : مس
08:04 Bluezly   : كس
08:04 Bluezly   : طيز
08:04 Bluezly   : طيز يبن القحبة
08:04 Bluezly   : طيز مدبك
08:04 Bluezly   : fuck
08:04 Bluezly   : bitch
08:15 Bluezly   : كس اختك
08:15 Bluezly   : اختك الي تنيك
08:15 Bluezly   : اه يطيزي
08:15 Bluezly   : تنيك انت؟
08:15 Bluezly   : منيكة
08:16 Bluezly   : دي امك بتاعت الحواري الي بس تشقي وتطلع ديسها
08:16 Bluezly   : يبن الكحبة
08:16 Bluezly   : القحبة
08:16 Bluezly   : قحبة
08:32 ELHAREF   : هممم
08:32 Bluezly   : انت المفروض كريتيف
08:33 ELHAREF   : وين ابني؟
08:33 Bluezly   : بدي مكان حلو
08:34 Bluezly   : ابن هون ومش لازم تملي المساحة
08:34 Bluezly   : عشان
08:34 Bluezly   : هكمل واعبيها شجر
08:38 ELHAREF   : فففففففففففف
08:42 ELHAREF   : ففففففففففف
08:42 ELHAREF   : جهازي يعلق جدااا
08:43 Bluezly   : همم ما اعرف ليه يسطا rtx3060 يعلق عنده في شي غلط بالسيرفر
08:44 Bluezly   : يسطا انت كم حاط الرندر؟
08:44 ELHAREF   : 7
08:45 Bluezly   : همممم
09:03 ELHAREF   : فففف
09:07 ELHAREF   : كافي
09:14 Bluezly   : جرب سوي /spawn
09:14 ELHAREF   : مش موجود :)
09:14 Bluezly   : طيب جرب الان
09:14 ELHAREF   : builder????????
09:15 ELHAREF   : موجود
09:15 Bluezly   : طيب
09:15 ELHAREF   : انا بس يلي Builder?
09:16 Bluezly   : صارت احلى هيك جرب اكتب
09:16 ELHAREF   : tt
09:16 ELHAREF   : شكرا :)
09:16 ELHAREF   : كل يلي يدخل كذا لو انا بس؟
09:16 Bluezly   : انت بس عشانك ساعدتني
09:16 ELHAREF   : تمام
09:16 ELHAREF   : :)
09:17 Bluezly   : انا هطلع لما تكمل قلي عشان في شغل باقي كثير
09:17 ELHAREF   : تمام
09:21 ELHAREF placed suspicious WATER_BUCKET @ world: x5224, z813
09:21 ELHAREF placed suspicious WATER_BUCKET @ world: x5224, z813
09:21 ELHAREF placed suspicious WATER_BUCKET @ world: x5230, z813
09:21 ELHAREF placed suspicious WATER_BUCKET @ world: x5230, z813
09:21 ELHAREF placed suspicious WATER_BUCKET @ world: x5230, z819
09:22 ELHAREF placed suspicious WATER_BUCKET @ world: x5224, z819
09:22 ELHAREF placed suspicious WATER_BUCKET @ world: x5224, z813
09:22 ELHAREF placed suspicious WATER_BUCKET @ world: x5224, z819
09:22 ELHAREF placed suspicious WATER_BUCKET @ world: x5228, z814
09:22 ELHAREF placed suspicious WATER_BUCKET @ world: x5226, z814
09:23 ELHAREF placed suspicious WATER_BUCKET @ world: x5229, z815
09:23 ELHAREF placed suspicious WATER_BUCKET @ world: x5229, z817
09:23 ELHAREF placed suspicious WATER_BUCKET @ world: x5228, z818
09:23 ELHAREF placed suspicious WATER_BUCKET @ world: x5226, z818
09:23 ELHAREF placed suspicious WATER_BUCKET @ world: x5225, z817
09:23 ELHAREF placed suspicious WATER_BUCKET @ world: x5225, z815
09:37 Bluezly   : تقدر تسوي جسر هون؟
09:40 Bluezly   :  placed a sign @ world: x5231, z828
  10k
09:41 Bluezly   :  placed a sign @ world: x5232, z839
  8k
09:41 Bluezly   :  placed a sign @ world: x5234, z850
  9k
09:41 Bluezly   :  placed a sign @ world: x5232, z839
  10k
09:41 Bluezly   :  placed a sign @ world: x5232, z839
  9k
09:41 Bluezly   :  placed a sign @ world: x5234, z850
  8k
09:41 Bluezly   :  placed a sign @ world: x5234, z863
   14k
09:42 ELHAREF   : بصلي وجاي
09:42 Bluezly   : تمام
09:53 Bluezly   : انا هحط بلوقن بيشغل اغاني في السبون احسن من الجيك بوكس
09:54 ELHAREF   : طيب باي
09:54 ELHAREF   : اصلي واجي
13:18 Bluezly   : tt
